e:\programmieren\tutorial mhyprot source\mhyprotsource\x64\release\vc142.pdb
e:\programmieren\tutorial mhyprot source\mhyprotsource\x64\release\win_utils.obj
e:\programmieren\tutorial mhyprot source\mhyprotsource\x64\release\utils.obj
e:\programmieren\tutorial mhyprot source\mhyprotsource\x64\release\service_utils.obj
e:\programmieren\tutorial mhyprot source\mhyprotsource\x64\release\mhyprot.obj
e:\programmieren\tutorial mhyprot source\mhyprotsource\x64\release\file_utils.obj
e:\programmieren\tutorial mhyprot source\mhyprotsource\x64\release\baseadress.obj
e:\programmieren\tutorial mhyprot source\mhyprotsource\x64\release\imgui_widgets.obj
e:\programmieren\tutorial mhyprot source\mhyprotsource\x64\release\imgui_tables.obj
e:\programmieren\tutorial mhyprot source\mhyprotsource\x64\release\imgui_impl_win32.obj
e:\programmieren\tutorial mhyprot source\mhyprotsource\x64\release\imgui_impl_dx11.obj
e:\programmieren\tutorial mhyprot source\mhyprotsource\x64\release\imgui_draw.obj
e:\programmieren\tutorial mhyprot source\mhyprotsource\x64\release\imgui_demo.obj
e:\programmieren\tutorial mhyprot source\mhyprotsource\x64\release\imgui.obj
e:\programmieren\tutorial mhyprot source\mhyprotsource\x64\release\main.obj
e:\programmieren\tutorial mhyprot source\mhyprotsource\x64\release\inputs.obj
e:\programmieren\tutorial mhyprot source\mhyprotsource\x64\release\coding.obj
e:\programmieren\tutorial mhyprot source\mhyprotsource\x64\release\image.obj
e:\programmieren\tutorial mhyprot source\mhyprotsource\x64\release\settings.obj
e:\programmieren\tutorial mhyprot source\mhyprotsource\x64\release\quartic.obj
e:\programmieren\tutorial mhyprot source\mhyprotsource\x64\release\overlay.obj
e:\programmieren\tutorial mhyprot source\mhyprotsource\x64\release\offsets.obj
e:\programmieren\tutorial mhyprot source\mhyprotsource\x64\release\mhyprot .38615e7b.tlog\cl.command.1.tlog
e:\programmieren\tutorial mhyprot source\mhyprotsource\x64\release\mhyprot .38615e7b.tlog\cl.read.1.tlog
e:\programmieren\tutorial mhyprot source\mhyprotsource\x64\release\mhyprot .38615e7b.tlog\cl.write.1.tlog
