C:\Program Files (x86)\Microsoft Visual Studio\2019\Community\MSBuild\Microsoft\VC\v160\Microsoft.CppBuild.targets(513,5): warning MSB8028: Das Zwischenverzeichnis (x64\Release\) enthält freigegebene Dateien aus einem anderen Projekt (PaladinsHack.vcxproj). Dies kann zu einem falschen Bereinigungs- und Neuerstellungsverhalten führen.
  Aimbot.cpp
E:\Programmieren\Tutorial MHYProt Source\PaladinsHack\Overlay.h(1,1): warning C4005: "_CRT_SECURE_NO_WARNINGS": Makro-Neudefinition
E:\Programmieren\Tutorial MHYProt Source\PaladinsHack\Aimbot.cpp : message : Siehe vorherige Definition von "_CRT_SECURE_NO_WARNINGS"
C:\Program Files (x86)\Microsoft DirectX SDK (June 2010)\Include\D2DErr.h(59,1): warning C4005: "D2DERR_WRONG_STATE": Makro-Neudefinition
C:\Program Files (x86)\Windows Kits\10\Include\10.0.19041.0\shared\winerror.h(56930): message : Siehe vorherige Definition von "D2DERR_WRONG_STATE"
C:\Program Files (x86)\Microsoft DirectX SDK (June 2010)\Include\D2DErr.h(64,1): warning C4005: "D2DERR_NOT_INITIALIZED": Makro-Neudefinition
C:\Program Files (x86)\Windows Kits\10\Include\10.0.19041.0\shared\winerror.h(56939): message : Siehe vorherige Definition von "D2DERR_NOT_INITIALIZED"
C:\Program Files (x86)\Microsoft DirectX SDK (June 2010)\Include\D2DErr.h(69,1): warning C4005: "D2DERR_UNSUPPORTED_OPERATION": Makro-Neudefinition
C:\Program Files (x86)\Windows Kits\10\Include\10.0.19041.0\shared\winerror.h(56948): message : Siehe vorherige Definition von "D2DERR_UNSUPPORTED_OPERATION"
C:\Program Files (x86)\Microsoft DirectX SDK (June 2010)\Include\D2DErr.h(74,1): warning C4005: "D2DERR_SCANNER_FAILED": Makro-Neudefinition
C:\Program Files (x86)\Windows Kits\10\Include\10.0.19041.0\shared\winerror.h(56957): message : Siehe vorherige Definition von "D2DERR_SCANNER_FAILED"
C:\Program Files (x86)\Microsoft DirectX SDK (June 2010)\Include\D2DErr.h(79,1): warning C4005: "D2DERR_SCREEN_ACCESS_DENIED": Makro-Neudefinition
C:\Program Files (x86)\Windows Kits\10\Include\10.0.19041.0\shared\winerror.h(56966): message : Siehe vorherige Definition von "D2DERR_SCREEN_ACCESS_DENIED"
C:\Program Files (x86)\Microsoft DirectX SDK (June 2010)\Include\D2DErr.h(84,1): warning C4005: "D2DERR_DISPLAY_STATE_INVALID": Makro-Neudefinition
C:\Program Files (x86)\Windows Kits\10\Include\10.0.19041.0\shared\winerror.h(56975): message : Siehe vorherige Definition von "D2DERR_DISPLAY_STATE_INVALID"
C:\Program Files (x86)\Microsoft DirectX SDK (June 2010)\Include\D2DErr.h(89,1): warning C4005: "D2DERR_ZERO_VECTOR": Makro-Neudefinition
C:\Program Files (x86)\Windows Kits\10\Include\10.0.19041.0\shared\winerror.h(56984): message : Siehe vorherige Definition von "D2DERR_ZERO_VECTOR"
C:\Program Files (x86)\Microsoft DirectX SDK (June 2010)\Include\D2DErr.h(97,1): warning C4005: "D2DERR_INTERNAL_ERROR": Makro-Neudefinition
C:\Program Files (x86)\Windows Kits\10\Include\10.0.19041.0\shared\winerror.h(56993): message : Siehe vorherige Definition von "D2DERR_INTERNAL_ERROR"
C:\Program Files (x86)\Microsoft DirectX SDK (June 2010)\Include\D2DErr.h(103,1): warning C4005: "D2DERR_DISPLAY_FORMAT_NOT_SUPPORTED": Makro-Neudefinition
C:\Program Files (x86)\Windows Kits\10\Include\10.0.19041.0\shared\winerror.h(57002): message : Siehe vorherige Definition von "D2DERR_DISPLAY_FORMAT_NOT_SUPPORTED"
C:\Program Files (x86)\Microsoft DirectX SDK (June 2010)\Include\D2DErr.h(108,1): warning C4005: "D2DERR_INVALID_CALL": Makro-Neudefinition
C:\Program Files (x86)\Windows Kits\10\Include\10.0.19041.0\shared\winerror.h(57011): message : Siehe vorherige Definition von "D2DERR_INVALID_CALL"
C:\Program Files (x86)\Microsoft DirectX SDK (June 2010)\Include\D2DErr.h(113,1): warning C4005: "D2DERR_NO_HARDWARE_DEVICE": Makro-Neudefinition
C:\Program Files (x86)\Windows Kits\10\Include\10.0.19041.0\shared\winerror.h(57020): message : Siehe vorherige Definition von "D2DERR_NO_HARDWARE_DEVICE"
C:\Program Files (x86)\Microsoft DirectX SDK (June 2010)\Include\D2DErr.h(119,1): warning C4005: "D2DERR_RECREATE_TARGET": Makro-Neudefinition
C:\Program Files (x86)\Windows Kits\10\Include\10.0.19041.0\shared\winerror.h(57029): message : Siehe vorherige Definition von "D2DERR_RECREATE_TARGET"
C:\Program Files (x86)\Microsoft DirectX SDK (June 2010)\Include\D2DErr.h(124,1): warning C4005: "D2DERR_TOO_MANY_SHADER_ELEMENTS": Makro-Neudefinition
C:\Program Files (x86)\Windows Kits\10\Include\10.0.19041.0\shared\winerror.h(57038): message : Siehe vorherige Definition von "D2DERR_TOO_MANY_SHADER_ELEMENTS"
C:\Program Files (x86)\Microsoft DirectX SDK (June 2010)\Include\D2DErr.h(129,1): warning C4005: "D2DERR_SHADER_COMPILE_FAILED": Makro-Neudefinition
C:\Program Files (x86)\Windows Kits\10\Include\10.0.19041.0\shared\winerror.h(57047): message : Siehe vorherige Definition von "D2DERR_SHADER_COMPILE_FAILED"
C:\Program Files (x86)\Microsoft DirectX SDK (June 2010)\Include\D2DErr.h(134,1): warning C4005: "D2DERR_MAX_TEXTURE_SIZE_EXCEEDED": Makro-Neudefinition
C:\Program Files (x86)\Windows Kits\10\Include\10.0.19041.0\shared\winerror.h(57056): message : Siehe vorherige Definition von "D2DERR_MAX_TEXTURE_SIZE_EXCEEDED"
C:\Program Files (x86)\Microsoft DirectX SDK (June 2010)\Include\D2DErr.h(139,1): warning C4005: "D2DERR_UNSUPPORTED_VERSION": Makro-Neudefinition
C:\Program Files (x86)\Windows Kits\10\Include\10.0.19041.0\shared\winerror.h(57065): message : Siehe vorherige Definition von "D2DERR_UNSUPPORTED_VERSION"
C:\Program Files (x86)\Microsoft DirectX SDK (June 2010)\Include\D2DErr.h(144,1): warning C4005: "D2DERR_BAD_NUMBER": Makro-Neudefinition
C:\Program Files (x86)\Windows Kits\10\Include\10.0.19041.0\shared\winerror.h(57074): message : Siehe vorherige Definition von "D2DERR_BAD_NUMBER"
C:\Program Files (x86)\Microsoft DirectX SDK (June 2010)\Include\D2DErr.h(149,1): warning C4005: "D2DERR_WRONG_FACTORY": Makro-Neudefinition
C:\Program Files (x86)\Windows Kits\10\Include\10.0.19041.0\shared\winerror.h(57083): message : Siehe vorherige Definition von "D2DERR_WRONG_FACTORY"
C:\Program Files (x86)\Microsoft DirectX SDK (June 2010)\Include\D2DErr.h(154,1): warning C4005: "D2DERR_LAYER_ALREADY_IN_USE": Makro-Neudefinition
C:\Program Files (x86)\Windows Kits\10\Include\10.0.19041.0\shared\winerror.h(57092): message : Siehe vorherige Definition von "D2DERR_LAYER_ALREADY_IN_USE"
C:\Program Files (x86)\Microsoft DirectX SDK (June 2010)\Include\D2DErr.h(159,1): warning C4005: "D2DERR_POP_CALL_DID_NOT_MATCH_PUSH": Makro-Neudefinition
C:\Program Files (x86)\Windows Kits\10\Include\10.0.19041.0\shared\winerror.h(57101): message : Siehe vorherige Definition von "D2DERR_POP_CALL_DID_NOT_MATCH_PUSH"
C:\Program Files (x86)\Microsoft DirectX SDK (June 2010)\Include\D2DErr.h(164,1): warning C4005: "D2DERR_WRONG_RESOURCE_DOMAIN": Makro-Neudefinition
C:\Program Files (x86)\Windows Kits\10\Include\10.0.19041.0\shared\winerror.h(57110): message : Siehe vorherige Definition von "D2DERR_WRONG_RESOURCE_DOMAIN"
C:\Program Files (x86)\Microsoft DirectX SDK (June 2010)\Include\D2DErr.h(169,1): warning C4005: "D2DERR_PUSH_POP_UNBALANCED": Makro-Neudefinition
C:\Program Files (x86)\Windows Kits\10\Include\10.0.19041.0\shared\winerror.h(57119): message : Siehe vorherige Definition von "D2DERR_PUSH_POP_UNBALANCED"
C:\Program Files (x86)\Microsoft DirectX SDK (June 2010)\Include\D2DErr.h(174,1): warning C4005: "D2DERR_RENDER_TARGET_HAS_LAYER_OR_CLIPRECT": Makro-Neudefinition
C:\Program Files (x86)\Windows Kits\10\Include\10.0.19041.0\shared\winerror.h(57128): message : Siehe vorherige Definition von "D2DERR_RENDER_TARGET_HAS_LAYER_OR_CLIPRECT"
C:\Program Files (x86)\Microsoft DirectX SDK (June 2010)\Include\D2DErr.h(179,1): warning C4005: "D2DERR_INCOMPATIBLE_BRUSH_TYPES": Makro-Neudefinition
C:\Program Files (x86)\Windows Kits\10\Include\10.0.19041.0\shared\winerror.h(57137): message : Siehe vorherige Definition von "D2DERR_INCOMPATIBLE_BRUSH_TYPES"
C:\Program Files (x86)\Microsoft DirectX SDK (June 2010)\Include\D2DErr.h(184,1): warning C4005: "D2DERR_WIN32_ERROR": Makro-Neudefinition
C:\Program Files (x86)\Windows Kits\10\Include\10.0.19041.0\shared\winerror.h(57146): message : Siehe vorherige Definition von "D2DERR_WIN32_ERROR"
C:\Program Files (x86)\Microsoft DirectX SDK (June 2010)\Include\D2DErr.h(189,1): warning C4005: "D2DERR_TARGET_NOT_GDI_COMPATIBLE": Makro-Neudefinition
C:\Program Files (x86)\Windows Kits\10\Include\10.0.19041.0\shared\winerror.h(57155): message : Siehe vorherige Definition von "D2DERR_TARGET_NOT_GDI_COMPATIBLE"
C:\Program Files (x86)\Microsoft DirectX SDK (June 2010)\Include\D2DErr.h(194,1): warning C4005: "D2DERR_TEXT_EFFECT_IS_WRONG_TYPE": Makro-Neudefinition
C:\Program Files (x86)\Windows Kits\10\Include\10.0.19041.0\shared\winerror.h(57164): message : Siehe vorherige Definition von "D2DERR_TEXT_EFFECT_IS_WRONG_TYPE"
C:\Program Files (x86)\Microsoft DirectX SDK (June 2010)\Include\D2DErr.h(201,1): warning C4005: "D2DERR_TEXT_RENDERER_NOT_RELEASED": Makro-Neudefinition
C:\Program Files (x86)\Windows Kits\10\Include\10.0.19041.0\shared\winerror.h(57173): message : Siehe vorherige Definition von "D2DERR_TEXT_RENDERER_NOT_RELEASED"
C:\Program Files (x86)\Microsoft DirectX SDK (June 2010)\Include\D2DErr.h(206,1): warning C4005: "D2DERR_EXCEEDS_MAX_BITMAP_SIZE": Makro-Neudefinition
C:\Program Files (x86)\Windows Kits\10\Include\10.0.19041.0\shared\winerror.h(57182): message : Siehe vorherige Definition von "D2DERR_EXCEEDS_MAX_BITMAP_SIZE"
C:\Program Files (x86)\Microsoft DirectX SDK (June 2010)\Include\dxgitype.h(12,1): warning C4005: "DXGI_STATUS_OCCLUDED": Makro-Neudefinition
C:\Program Files (x86)\Windows Kits\10\Include\10.0.19041.0\shared\winerror.h(56388): message : Siehe vorherige Definition von "DXGI_STATUS_OCCLUDED"
C:\Program Files (x86)\Microsoft DirectX SDK (June 2010)\Include\dxgitype.h(13,1): warning C4005: "DXGI_STATUS_CLIPPED": Makro-Neudefinition
C:\Program Files (x86)\Windows Kits\10\Include\10.0.19041.0\shared\winerror.h(56397): message : Siehe vorherige Definition von "DXGI_STATUS_CLIPPED"
C:\Program Files (x86)\Microsoft DirectX SDK (June 2010)\Include\dxgitype.h(14,1): warning C4005: "DXGI_STATUS_NO_REDIRECTION": Makro-Neudefinition
C:\Program Files (x86)\Windows Kits\10\Include\10.0.19041.0\shared\winerror.h(56406): message : Siehe vorherige Definition von "DXGI_STATUS_NO_REDIRECTION"
C:\Program Files (x86)\Microsoft DirectX SDK (June 2010)\Include\dxgitype.h(15,1): warning C4005: "DXGI_STATUS_NO_DESKTOP_ACCESS": Makro-Neudefinition
C:\Program Files (x86)\Windows Kits\10\Include\10.0.19041.0\shared\winerror.h(56415): message : Siehe vorherige Definition von "DXGI_STATUS_NO_DESKTOP_ACCESS"
C:\Program Files (x86)\Microsoft DirectX SDK (June 2010)\Include\dxgitype.h(16,1): warning C4005: "DXGI_STATUS_GRAPHICS_VIDPN_SOURCE_IN_USE": Makro-Neudefinition
C:\Program Files (x86)\Windows Kits\10\Include\10.0.19041.0\shared\winerror.h(56424): message : Siehe vorherige Definition von "DXGI_STATUS_GRAPHICS_VIDPN_SOURCE_IN_USE"
C:\Program Files (x86)\Microsoft DirectX SDK (June 2010)\Include\dxgitype.h(17,1): warning C4005: "DXGI_STATUS_MODE_CHANGED": Makro-Neudefinition
C:\Program Files (x86)\Windows Kits\10\Include\10.0.19041.0\shared\winerror.h(56433): message : Siehe vorherige Definition von "DXGI_STATUS_MODE_CHANGED"
C:\Program Files (x86)\Microsoft DirectX SDK (June 2010)\Include\dxgitype.h(18,1): warning C4005: "DXGI_STATUS_MODE_CHANGE_IN_PROGRESS": Makro-Neudefinition
C:\Program Files (x86)\Windows Kits\10\Include\10.0.19041.0\shared\winerror.h(56442): message : Siehe vorherige Definition von "DXGI_STATUS_MODE_CHANGE_IN_PROGRESS"
C:\Program Files (x86)\Microsoft DirectX SDK (June 2010)\Include\dxgitype.h(21,1): warning C4005: "DXGI_ERROR_INVALID_CALL": Makro-Neudefinition
C:\Program Files (x86)\Windows Kits\10\Include\10.0.19041.0\shared\winerror.h(56457): message : Siehe vorherige Definition von "DXGI_ERROR_INVALID_CALL"
C:\Program Files (x86)\Microsoft DirectX SDK (June 2010)\Include\dxgitype.h(22,1): warning C4005: "DXGI_ERROR_NOT_FOUND": Makro-Neudefinition
C:\Program Files (x86)\Windows Kits\10\Include\10.0.19041.0\shared\winerror.h(56466): message : Siehe vorherige Definition von "DXGI_ERROR_NOT_FOUND"
C:\Program Files (x86)\Microsoft DirectX SDK (June 2010)\Include\dxgitype.h(23,1): warning C4005: "DXGI_ERROR_MORE_DATA": Makro-Neudefinition
C:\Program Files (x86)\Windows Kits\10\Include\10.0.19041.0\shared\winerror.h(56475): message : Siehe vorherige Definition von "DXGI_ERROR_MORE_DATA"
C:\Program Files (x86)\Microsoft DirectX SDK (June 2010)\Include\dxgitype.h(24,1): warning C4005: "DXGI_ERROR_UNSUPPORTED": Makro-Neudefinition
C:\Program Files (x86)\Windows Kits\10\Include\10.0.19041.0\shared\winerror.h(56484): message : Siehe vorherige Definition von "DXGI_ERROR_UNSUPPORTED"
C:\Program Files (x86)\Microsoft DirectX SDK (June 2010)\Include\dxgitype.h(25,1): warning C4005: "DXGI_ERROR_DEVICE_REMOVED": Makro-Neudefinition
C:\Program Files (x86)\Windows Kits\10\Include\10.0.19041.0\shared\winerror.h(56493): message : Siehe vorherige Definition von "DXGI_ERROR_DEVICE_REMOVED"
C:\Program Files (x86)\Microsoft DirectX SDK (June 2010)\Include\dxgitype.h(26,1): warning C4005: "DXGI_ERROR_DEVICE_HUNG": Makro-Neudefinition
C:\Program Files (x86)\Windows Kits\10\Include\10.0.19041.0\shared\winerror.h(56502): message : Siehe vorherige Definition von "DXGI_ERROR_DEVICE_HUNG"
C:\Program Files (x86)\Microsoft DirectX SDK (June 2010)\Include\dxgitype.h(27,1): warning C4005: "DXGI_ERROR_DEVICE_RESET": Makro-Neudefinition
C:\Program Files (x86)\Windows Kits\10\Include\10.0.19041.0\shared\winerror.h(56512): message : Siehe vorherige Definition von "DXGI_ERROR_DEVICE_RESET"
C:\Program Files (x86)\Microsoft DirectX SDK (June 2010)\Include\dxgitype.h(28,1): warning C4005: "DXGI_ERROR_WAS_STILL_DRAWING": Makro-Neudefinition
C:\Program Files (x86)\Windows Kits\10\Include\10.0.19041.0\shared\winerror.h(56521): message : Siehe vorherige Definition von "DXGI_ERROR_WAS_STILL_DRAWING"
C:\Program Files (x86)\Microsoft DirectX SDK (June 2010)\Include\dxgitype.h(29,1): warning C4005: "DXGI_ERROR_FRAME_STATISTICS_DISJOINT": Makro-Neudefinition
C:\Program Files (x86)\Windows Kits\10\Include\10.0.19041.0\shared\winerror.h(56531): message : Siehe vorherige Definition von "DXGI_ERROR_FRAME_STATISTICS_DISJOINT"
C:\Program Files (x86)\Microsoft DirectX SDK (June 2010)\Include\dxgitype.h(30,1): warning C4005: "DXGI_ERROR_GRAPHICS_VIDPN_SOURCE_IN_USE": Makro-Neudefinition
C:\Program Files (x86)\Windows Kits\10\Include\10.0.19041.0\shared\winerror.h(56540): message : Siehe vorherige Definition von "DXGI_ERROR_GRAPHICS_VIDPN_SOURCE_IN_USE"
C:\Program Files (x86)\Microsoft DirectX SDK (June 2010)\Include\dxgitype.h(31,1): warning C4005: "DXGI_ERROR_DRIVER_INTERNAL_ERROR": Makro-Neudefinition
C:\Program Files (x86)\Windows Kits\10\Include\10.0.19041.0\shared\winerror.h(56550): message : Siehe vorherige Definition von "DXGI_ERROR_DRIVER_INTERNAL_ERROR"
C:\Program Files (x86)\Microsoft DirectX SDK (June 2010)\Include\dxgitype.h(32,1): warning C4005: "DXGI_ERROR_NONEXCLUSIVE": Makro-Neudefinition
C:\Program Files (x86)\Windows Kits\10\Include\10.0.19041.0\shared\winerror.h(56559): message : Siehe vorherige Definition von "DXGI_ERROR_NONEXCLUSIVE"
C:\Program Files (x86)\Microsoft DirectX SDK (June 2010)\Include\dxgitype.h(33,1): warning C4005: "DXGI_ERROR_NOT_CURRENTLY_AVAILABLE": Makro-Neudefinition
C:\Program Files (x86)\Windows Kits\10\Include\10.0.19041.0\shared\winerror.h(56568): message : Siehe vorherige Definition von "DXGI_ERROR_NOT_CURRENTLY_AVAILABLE"
C:\Program Files (x86)\Microsoft DirectX SDK (June 2010)\Include\dxgitype.h(34,1): warning C4005: "DXGI_ERROR_REMOTE_CLIENT_DISCONNECTED": Makro-Neudefinition
C:\Program Files (x86)\Windows Kits\10\Include\10.0.19041.0\shared\winerror.h(56578): message : Siehe vorherige Definition von "DXGI_ERROR_REMOTE_CLIENT_DISCONNECTED"
C:\Program Files (x86)\Microsoft DirectX SDK (June 2010)\Include\dxgitype.h(35,1): warning C4005: "DXGI_ERROR_REMOTE_OUTOFMEMORY": Makro-Neudefinition
C:\Program Files (x86)\Windows Kits\10\Include\10.0.19041.0\shared\winerror.h(56587): message : Siehe vorherige Definition von "DXGI_ERROR_REMOTE_OUTOFMEMORY"
C:\Program Files (x86)\Microsoft DirectX SDK (June 2010)\Include\d3d10.h(608,1): warning C4005: "D3D10_ERROR_TOO_MANY_UNIQUE_STATE_OBJECTS": Makro-Neudefinition
C:\Program Files (x86)\Windows Kits\10\Include\10.0.19041.0\shared\winerror.h(56841): message : Siehe vorherige Definition von "D3D10_ERROR_TOO_MANY_UNIQUE_STATE_OBJECTS"
C:\Program Files (x86)\Microsoft DirectX SDK (June 2010)\Include\d3d10.h(609,1): warning C4005: "D3D10_ERROR_FILE_NOT_FOUND": Makro-Neudefinition
C:\Program Files (x86)\Windows Kits\10\Include\10.0.19041.0\shared\winerror.h(56850): message : Siehe vorherige Definition von "D3D10_ERROR_FILE_NOT_FOUND"
C:\Program Files (x86)\Microsoft DirectX SDK (June 2010)\Include\dwrite.h(4962,1): warning C4005: "DWRITE_E_FILEFORMAT": Makro-Neudefinition
C:\Program Files (x86)\Windows Kits\10\Include\10.0.19041.0\shared\winerror.h(57349): message : Siehe vorherige Definition von "DWRITE_E_FILEFORMAT"
C:\Program Files (x86)\Microsoft DirectX SDK (June 2010)\Include\dwrite.h(4967,1): warning C4005: "DWRITE_E_UNEXPECTED": Makro-Neudefinition
C:\Program Files (x86)\Windows Kits\10\Include\10.0.19041.0\shared\winerror.h(57358): message : Siehe vorherige Definition von "DWRITE_E_UNEXPECTED"
C:\Program Files (x86)\Microsoft DirectX SDK (June 2010)\Include\dwrite.h(4972,1): warning C4005: "DWRITE_E_NOFONT": Makro-Neudefinition
C:\Program Files (x86)\Windows Kits\10\Include\10.0.19041.0\shared\winerror.h(57367): message : Siehe vorherige Definition von "DWRITE_E_NOFONT"
C:\Program Files (x86)\Microsoft DirectX SDK (June 2010)\Include\dwrite.h(4978,1): warning C4005: "DWRITE_E_FILENOTFOUND": Makro-Neudefinition
C:\Program Files (x86)\Windows Kits\10\Include\10.0.19041.0\shared\winerror.h(57376): message : Siehe vorherige Definition von "DWRITE_E_FILENOTFOUND"
C:\Program Files (x86)\Microsoft DirectX SDK (June 2010)\Include\dwrite.h(4983,1): warning C4005: "DWRITE_E_FILEACCESS": Makro-Neudefinition
C:\Program Files (x86)\Windows Kits\10\Include\10.0.19041.0\shared\winerror.h(57385): message : Siehe vorherige Definition von "DWRITE_E_FILEACCESS"
C:\Program Files (x86)\Microsoft DirectX SDK (June 2010)\Include\dwrite.h(4988,1): warning C4005: "DWRITE_E_FONTCOLLECTIONOBSOLETE": Makro-Neudefinition
C:\Program Files (x86)\Windows Kits\10\Include\10.0.19041.0\shared\winerror.h(57394): message : Siehe vorherige Definition von "DWRITE_E_FONTCOLLECTIONOBSOLETE"
C:\Program Files (x86)\Microsoft DirectX SDK (June 2010)\Include\dwrite.h(4993,1): warning C4005: "DWRITE_E_ALREADYREGISTERED": Makro-Neudefinition
C:\Program Files (x86)\Windows Kits\10\Include\10.0.19041.0\shared\winerror.h(57403): message : Siehe vorherige Definition von "DWRITE_E_ALREADYREGISTERED"
C:\Program Files (x86)\Windows Kits\10\Include\10.0.19041.0\um\winuser.rh(21,1): warning C4005: "RT_MANIFEST": Makro-Neudefinition
C:\Program Files (x86)\Windows Kits\10\Include\10.0.19041.0\um\winuser.h(282): message : Siehe vorherige Definition von "RT_MANIFEST"
C:\Program Files (x86)\Windows Kits\10\Include\10.0.19041.0\um\winuser.rh(22,1): warning C4005: "CREATEPROCESS_MANIFEST_RESOURCE_ID": Makro-Neudefinition
C:\Program Files (x86)\Windows Kits\10\Include\10.0.19041.0\um\winuser.h(283): message : Siehe vorherige Definition von "CREATEPROCESS_MANIFEST_RESOURCE_ID"
C:\Program Files (x86)\Windows Kits\10\Include\10.0.19041.0\um\winuser.rh(23,1): warning C4005: "ISOLATIONAWARE_MANIFEST_RESOURCE_ID": Makro-Neudefinition
C:\Program Files (x86)\Windows Kits\10\Include\10.0.19041.0\um\winuser.h(284): message : Siehe vorherige Definition von "ISOLATIONAWARE_MANIFEST_RESOURCE_ID"
C:\Program Files (x86)\Windows Kits\10\Include\10.0.19041.0\um\winuser.rh(24,1): warning C4005: "ISOLATIONAWARE_NOSTATICIMPORT_MANIFEST_RESOURCE_ID": Makro-Neudefinition
C:\Program Files (x86)\Windows Kits\10\Include\10.0.19041.0\um\winuser.h(285): message : Siehe vorherige Definition von "ISOLATIONAWARE_NOSTATICIMPORT_MANIFEST_RESOURCE_ID"
C:\Program Files (x86)\Windows Kits\10\Include\10.0.19041.0\um\winuser.rh(25,1): warning C4005: "ISOLATIONPOLICY_MANIFEST_RESOURCE_ID": Makro-Neudefinition
C:\Program Files (x86)\Windows Kits\10\Include\10.0.19041.0\um\winuser.h(286): message : Siehe vorherige Definition von "ISOLATIONPOLICY_MANIFEST_RESOURCE_ID"
C:\Program Files (x86)\Windows Kits\10\Include\10.0.19041.0\um\winuser.rh(26,1): warning C4005: "ISOLATIONPOLICY_BROWSER_MANIFEST_RESOURCE_ID": Makro-Neudefinition
C:\Program Files (x86)\Windows Kits\10\Include\10.0.19041.0\um\winuser.h(287): message : Siehe vorherige Definition von "ISOLATIONPOLICY_BROWSER_MANIFEST_RESOURCE_ID"
C:\Program Files (x86)\Windows Kits\10\Include\10.0.19041.0\um\winuser.rh(27,1): warning C4005: "MINIMUM_RESERVED_MANIFEST_RESOURCE_ID": Makro-Neudefinition
C:\Program Files (x86)\Windows Kits\10\Include\10.0.19041.0\um\winuser.h(288): message : Siehe vorherige Definition von "MINIMUM_RESERVED_MANIFEST_RESOURCE_ID"
C:\Program Files (x86)\Windows Kits\10\Include\10.0.19041.0\um\winuser.rh(28,1): warning C4005: "MAXIMUM_RESERVED_MANIFEST_RESOURCE_ID": Makro-Neudefinition
C:\Program Files (x86)\Windows Kits\10\Include\10.0.19041.0\um\winuser.h(289): message : Siehe vorherige Definition von "MAXIMUM_RESERVED_MANIFEST_RESOURCE_ID"
C:\Program Files (x86)\Microsoft DirectX SDK (June 2010)\Include\D3D11.h(917,1): warning C4005: "D3D11_ERROR_TOO_MANY_UNIQUE_STATE_OBJECTS": Makro-Neudefinition
C:\Program Files (x86)\Windows Kits\10\Include\10.0.19041.0\shared\winerror.h(56865): message : Siehe vorherige Definition von "D3D11_ERROR_TOO_MANY_UNIQUE_STATE_OBJECTS"
C:\Program Files (x86)\Microsoft DirectX SDK (June 2010)\Include\D3D11.h(918,1): warning C4005: "D3D11_ERROR_FILE_NOT_FOUND": Makro-Neudefinition
C:\Program Files (x86)\Windows Kits\10\Include\10.0.19041.0\shared\winerror.h(56874): message : Siehe vorherige Definition von "D3D11_ERROR_FILE_NOT_FOUND"
C:\Program Files (x86)\Microsoft DirectX SDK (June 2010)\Include\D3D11.h(919,1): warning C4005: "D3D11_ERROR_TOO_MANY_UNIQUE_VIEW_OBJECTS": Makro-Neudefinition
C:\Program Files (x86)\Windows Kits\10\Include\10.0.19041.0\shared\winerror.h(56884): message : Siehe vorherige Definition von "D3D11_ERROR_TOO_MANY_UNIQUE_VIEW_OBJECTS"
C:\Program Files (x86)\Microsoft DirectX SDK (June 2010)\Include\D3D11.h(920,1): warning C4005: "D3D11_ERROR_DEFERRED_CONTEXT_MAP_WITHOUT_INITIAL_DISCARD": Makro-Neudefinition
C:\Program Files (x86)\Windows Kits\10\Include\10.0.19041.0\shared\winerror.h(56893): message : Siehe vorherige Definition von "D3D11_ERROR_DEFERRED_CONTEXT_MAP_WITHOUT_INITIAL_DISCARD"
E:\Programmieren\Tutorial MHYProt Source\PaladinsHack\Aimbot.cpp(88,42): warning C4244: "Argument": Konvertierung von "const double" in "float", möglicher Datenverlust
E:\Programmieren\Tutorial MHYProt Source\PaladinsHack\Aimbot.cpp(88,68): warning C4244: "Argument": Konvertierung von "double" in "float", möglicher Datenverlust
E:\Programmieren\Tutorial MHYProt Source\PaladinsHack\Aimbot.cpp(162,64): warning C4244: "Argument": Konvertierung von "const double" in "float", möglicher Datenverlust
E:\Programmieren\Tutorial MHYProt Source\PaladinsHack\Aimbot.cpp(163,46): warning C4244: "Argument": Konvertierung von "const double" in "float", möglicher Datenverlust
E:\Programmieren\Tutorial MHYProt Source\PaladinsHack\Aimbot.cpp(318,14): warning C4244: "Initialisierung": Konvertierung von "double" in "float", möglicher Datenverlust
E:\Programmieren\Tutorial MHYProt Source\PaladinsHack\Aimbot.cpp(320,22): warning C4244: "Initialisierung": Konvertierung von "double" in "float", möglicher Datenverlust
E:\Programmieren\Tutorial MHYProt Source\PaladinsHack\Aimbot.cpp(434,63): warning C4244: "Argument": Konvertierung von "const float" in "int", möglicher Datenverlust
E:\Programmieren\Tutorial MHYProt Source\PaladinsHack\Aimbot.cpp(434,45): warning C4244: "Argument": Konvertierung von "const float" in "int", möglicher Datenverlust
E:\Programmieren\Tutorial MHYProt Source\PaladinsHack\Aimbot.cpp(436,69): warning C4244: "Argument": Konvertierung von "float" in "int", möglicher Datenverlust
E:\Programmieren\Tutorial MHYProt Source\PaladinsHack\Aimbot.cpp(436,46): warning C4244: "Argument": Konvertierung von "float" in "int", möglicher Datenverlust
E:\Programmieren\Tutorial MHYProt Source\PaladinsHack\Aimbot.cpp(469,93): warning C4244: "Argument": Konvertierung von "float" in "int", möglicher Datenverlust
E:\Programmieren\Tutorial MHYProt Source\PaladinsHack\Aimbot.cpp(468,92): warning C4244: "Argument": Konvertierung von "float" in "int", möglicher Datenverlust
E:\Programmieren\Tutorial MHYProt Source\PaladinsHack\Mhyprot\baseadress.h(14,32): warning C4244: "Argument": Konvertierung von "uint64_t" in "int", möglicher Datenverlust
E:\Programmieren\Tutorial MHYProt Source\PaladinsHack\Mhyprot\baseadress.h(39): message : Siehe Verweis auf die gerade kompilierte Instanziierung "bool read<T>(uint64_t,T &)" der Funktions-Vorlage.
          with
          [
              T=int
          ]
E:\Programmieren\Tutorial MHYProt Source\PaladinsHack\Aimbot.cpp(37): message : Siehe Verweis auf die gerade kompilierte Instanziierung "T read<int>(uint64_t)" der Funktions-Vorlage.
          with
          [
              T=int
          ]
  settings.cpp
  Code wird generiert.
  Codegenerierung ist abgeschlossen.
  PaladinsHack.vcxproj -> E:\Programmieren\Tutorial MHYProt Source\x64\Release\Mhyprot Base Source.exe
